2022-10-19 11:09:28,655:WARNING:
'cuml' is a soft dependency and not included in the pycaret installation. Please run: `pip install cuml` to install.
2022-10-19 11:09:28,655:WARNING:
'cuml' is a soft dependency and not included in the pycaret installation. Please run: `pip install cuml` to install.
2022-10-19 11:09:28,655:WARNING:
'cuml' is a soft dependency and not included in the pycaret installation. Please run: `pip install cuml` to install.
2022-10-19 11:09:28,655:WARNING:
'cuml' is a soft dependency and not included in the pycaret installation. Please run: `pip install cuml` to install.
2022-10-19 11:09:40,749:WARNING:
'cuml' is a soft dependency and not included in the pycaret installation. Please run: `pip install cuml` to install.
2022-10-19 11:09:40,749:WARNING:
'cuml' is a soft dependency and not included in the pycaret installation. Please run: `pip install cuml` to install.
2022-10-19 11:09:40,749:WARNING:
'cuml' is a soft dependency and not included in the pycaret installation. Please run: `pip install cuml` to install.
2022-10-19 11:09:40,749:WARNING:
'cuml' is a soft dependency and not included in the pycaret installation. Please run: `pip install cuml` to install.
2022-10-19 11:09:49,720:WARNING:
'prophet' is a soft dependency and not included in the pycaret installation. Please run: `pip install prophet` to install.
2022-10-19 11:10:01,646:WARNING:
'cuml' is a soft dependency and not included in the pycaret installation. Please run: `pip install cuml` to install.
2022-10-19 11:10:01,646:WARNING:
'cuml' is a soft dependency and not included in the pycaret installation. Please run: `pip install cuml` to install.
2022-10-19 11:10:01,646:WARNING:
'cuml' is a soft dependency and not included in the pycaret installation. Please run: `pip install cuml` to install.
2022-10-19 11:10:01,646:WARNING:
'cuml' is a soft dependency and not included in the pycaret installation. Please run: `pip install cuml` to install.
2022-10-19 11:10:02,168:WARNING:
'prophet' is a soft dependency and not included in the pycaret installation. Please run: `pip install prophet` to install.
2022-10-19 11:15:01,891:WARNING:
'cuml' is a soft dependency and not included in the pycaret installation. Please run: `pip install cuml` to install.
2022-10-19 11:15:01,891:WARNING:
'cuml' is a soft dependency and not included in the pycaret installation. Please run: `pip install cuml` to install.
2022-10-19 11:15:01,891:WARNING:
'cuml' is a soft dependency and not included in the pycaret installation. Please run: `pip install cuml` to install.
2022-10-19 11:15:01,891:WARNING:
'cuml' is a soft dependency and not included in the pycaret installation. Please run: `pip install cuml` to install.
2022-10-19 11:15:02,640:WARNING:
'prophet' is a soft dependency and not included in the pycaret installation. Please run: `pip install prophet` to install.
2022-10-19 11:19:10,272:WARNING:
'cuml' is a soft dependency and not included in the pycaret installation. Please run: `pip install cuml` to install.
2022-10-19 11:19:10,272:WARNING:
'cuml' is a soft dependency and not included in the pycaret installation. Please run: `pip install cuml` to install.
2022-10-19 11:19:10,272:WARNING:
'cuml' is a soft dependency and not included in the pycaret installation. Please run: `pip install cuml` to install.
2022-10-19 11:19:10,272:WARNING:
'cuml' is a soft dependency and not included in the pycaret installation. Please run: `pip install cuml` to install.
2022-10-19 11:19:10,817:WARNING:
'prophet' is a soft dependency and not included in the pycaret installation. Please run: `pip install prophet` to install.
2022-10-19 11:19:13,663:WARNING:
'cuml' is a soft dependency and not included in the pycaret installation. Please run: `pip install cuml` to install.
2022-10-19 11:19:13,663:WARNING:
'cuml' is a soft dependency and not included in the pycaret installation. Please run: `pip install cuml` to install.
2022-10-19 11:19:13,663:WARNING:
'cuml' is a soft dependency and not included in the pycaret installation. Please run: `pip install cuml` to install.
2022-10-19 11:19:13,663:WARNING:
'cuml' is a soft dependency and not included in the pycaret installation. Please run: `pip install cuml` to install.
2022-10-19 11:19:14,143:WARNING:
'prophet' is a soft dependency and not included in the pycaret installation. Please run: `pip install prophet` to install.
2022-10-19 11:19:37,216:WARNING:
'cuml' is a soft dependency and not included in the pycaret installation. Please run: `pip install cuml` to install.
2022-10-19 11:19:37,216:WARNING:
'cuml' is a soft dependency and not included in the pycaret installation. Please run: `pip install cuml` to install.
2022-10-19 11:19:37,216:WARNING:
'cuml' is a soft dependency and not included in the pycaret installation. Please run: `pip install cuml` to install.
2022-10-19 11:19:37,216:WARNING:
'cuml' is a soft dependency and not included in the pycaret installation. Please run: `pip install cuml` to install.
2022-10-19 11:19:37,692:WARNING:
'prophet' is a soft dependency and not included in the pycaret installation. Please run: `pip install prophet` to install.
2022-10-19 11:19:40,515:WARNING:
'cuml' is a soft dependency and not included in the pycaret installation. Please run: `pip install cuml` to install.
2022-10-19 11:19:40,515:WARNING:
'cuml' is a soft dependency and not included in the pycaret installation. Please run: `pip install cuml` to install.
2022-10-19 11:19:40,515:WARNING:
'cuml' is a soft dependency and not included in the pycaret installation. Please run: `pip install cuml` to install.
2022-10-19 11:19:40,515:WARNING:
'cuml' is a soft dependency and not included in the pycaret installation. Please run: `pip install cuml` to install.
2022-10-19 11:19:40,995:WARNING:
'prophet' is a soft dependency and not included in the pycaret installation. Please run: `pip install prophet` to install.
2022-10-19 11:23:46,958:WARNING:
'cuml' is a soft dependency and not included in the pycaret installation. Please run: `pip install cuml` to install.
2022-10-19 11:23:46,958:WARNING:
'cuml' is a soft dependency and not included in the pycaret installation. Please run: `pip install cuml` to install.
2022-10-19 11:23:46,958:WARNING:
'cuml' is a soft dependency and not included in the pycaret installation. Please run: `pip install cuml` to install.
2022-10-19 11:23:46,958:WARNING:
'cuml' is a soft dependency and not included in the pycaret installation. Please run: `pip install cuml` to install.
2022-10-19 11:23:47,473:WARNING:
'prophet' is a soft dependency and not included in the pycaret installation. Please run: `pip install prophet` to install.
2022-10-19 11:23:50,321:WARNING:
'cuml' is a soft dependency and not included in the pycaret installation. Please run: `pip install cuml` to install.
2022-10-19 11:23:50,321:WARNING:
'cuml' is a soft dependency and not included in the pycaret installation. Please run: `pip install cuml` to install.
2022-10-19 11:23:50,322:WARNING:
'cuml' is a soft dependency and not included in the pycaret installation. Please run: `pip install cuml` to install.
2022-10-19 11:23:50,322:WARNING:
'cuml' is a soft dependency and not included in the pycaret installation. Please run: `pip install cuml` to install.
2022-10-19 11:23:50,810:WARNING:
'prophet' is a soft dependency and not included in the pycaret installation. Please run: `pip install prophet` to install.
2022-10-19 11:24:00,007:INFO:Initializing load_model()
2022-10-19 11:24:00,008:INFO:load_model(model_name=./predict_models/2021_lr, platform=None, authentication=None, verbose=True)
2022-10-19 11:24:00,015:INFO:Initializing load_model()
2022-10-19 11:24:00,017:INFO:load_model(model_name=./predict_models/2021_lr, platform=None, authentication=None, verbose=True)
2022-10-19 11:24:17,386:WARNING:
'cuml' is a soft dependency and not included in the pycaret installation. Please run: `pip install cuml` to install.
2022-10-19 11:24:17,386:WARNING:
'cuml' is a soft dependency and not included in the pycaret installation. Please run: `pip install cuml` to install.
2022-10-19 11:24:17,386:WARNING:
'cuml' is a soft dependency and not included in the pycaret installation. Please run: `pip install cuml` to install.
2022-10-19 11:24:17,386:WARNING:
'cuml' is a soft dependency and not included in the pycaret installation. Please run: `pip install cuml` to install.
2022-10-19 11:30:12,655:WARNING:
'cuml' is a soft dependency and not included in the pycaret installation. Please run: `pip install cuml` to install.
2022-10-19 11:30:12,655:WARNING:
'cuml' is a soft dependency and not included in the pycaret installation. Please run: `pip install cuml` to install.
2022-10-19 11:30:12,655:WARNING:
'cuml' is a soft dependency and not included in the pycaret installation. Please run: `pip install cuml` to install.
2022-10-19 11:30:12,655:WARNING:
'cuml' is a soft dependency and not included in the pycaret installation. Please run: `pip install cuml` to install.
2022-10-19 11:30:13,210:WARNING:
'prophet' is a soft dependency and not included in the pycaret installation. Please run: `pip install prophet` to install.
2022-10-19 11:30:16,025:WARNING:
'cuml' is a soft dependency and not included in the pycaret installation. Please run: `pip install cuml` to install.
2022-10-19 11:30:16,025:WARNING:
'cuml' is a soft dependency and not included in the pycaret installation. Please run: `pip install cuml` to install.
2022-10-19 11:30:16,025:WARNING:
'cuml' is a soft dependency and not included in the pycaret installation. Please run: `pip install cuml` to install.
2022-10-19 11:30:16,025:WARNING:
'cuml' is a soft dependency and not included in the pycaret installation. Please run: `pip install cuml` to install.
2022-10-19 11:30:16,495:WARNING:
'prophet' is a soft dependency and not included in the pycaret installation. Please run: `pip install prophet` to install.
2022-10-19 11:31:00,005:INFO:Initializing load_model()
2022-10-19 11:31:00,005:INFO:load_model(model_name=/Users/nagatadaiki/Dropbox/My Mac (永田のMacBook Air)/Desktop/アプリ開発/チーム開発/mysite/predict_models/2021_lr.pkl, platform=None, authentication=None, verbose=True)
2022-10-19 11:31:00,009:INFO:Initializing load_model()
2022-10-19 11:31:00,010:INFO:load_model(model_name=/Users/nagatadaiki/Dropbox/My Mac (永田のMacBook Air)/Desktop/アプリ開発/チーム開発/mysite/predict_models/2021_lr.pkl, platform=None, authentication=None, verbose=True)
2022-10-19 11:31:14,781:WARNING:
'cuml' is a soft dependency and not included in the pycaret installation. Please run: `pip install cuml` to install.
2022-10-19 11:31:14,781:WARNING:
'cuml' is a soft dependency and not included in the pycaret installation. Please run: `pip install cuml` to install.
2022-10-19 11:31:14,781:WARNING:
'cuml' is a soft dependency and not included in the pycaret installation. Please run: `pip install cuml` to install.
2022-10-19 11:31:14,781:WARNING:
'cuml' is a soft dependency and not included in the pycaret installation. Please run: `pip install cuml` to install.
2022-10-19 11:31:15,256:WARNING:
'prophet' is a soft dependency and not included in the pycaret installation. Please run: `pip install prophet` to install.
2022-10-19 11:31:24,346:WARNING:
'cuml' is a soft dependency and not included in the pycaret installation. Please run: `pip install cuml` to install.
2022-10-19 11:31:24,346:WARNING:
'cuml' is a soft dependency and not included in the pycaret installation. Please run: `pip install cuml` to install.
2022-10-19 11:31:24,346:WARNING:
'cuml' is a soft dependency and not included in the pycaret installation. Please run: `pip install cuml` to install.
2022-10-19 11:31:24,346:WARNING:
'cuml' is a soft dependency and not included in the pycaret installation. Please run: `pip install cuml` to install.
2022-10-19 11:31:24,820:WARNING:
'prophet' is a soft dependency and not included in the pycaret installation. Please run: `pip install prophet` to install.
2022-10-19 11:32:00,004:INFO:Initializing load_model()
2022-10-19 11:32:00,005:INFO:load_model(model_name=/Users/nagatadaiki/Dropbox/My Mac (永田のMacBook Air)/Desktop/アプリ開発/チーム開発/mysite/predict_models/2021_lr, platform=None, authentication=None, verbose=True)
2022-10-19 11:34:12,193:WARNING:
'cuml' is a soft dependency and not included in the pycaret installation. Please run: `pip install cuml` to install.
2022-10-19 11:34:12,193:WARNING:
'cuml' is a soft dependency and not included in the pycaret installation. Please run: `pip install cuml` to install.
2022-10-19 11:34:12,193:WARNING:
'cuml' is a soft dependency and not included in the pycaret installation. Please run: `pip install cuml` to install.
2022-10-19 11:34:12,193:WARNING:
'cuml' is a soft dependency and not included in the pycaret installation. Please run: `pip install cuml` to install.
2022-10-19 11:34:12,665:WARNING:
'prophet' is a soft dependency and not included in the pycaret installation. Please run: `pip install prophet` to install.
2022-10-19 11:34:15,489:WARNING:
'cuml' is a soft dependency and not included in the pycaret installation. Please run: `pip install cuml` to install.
2022-10-19 11:34:15,489:WARNING:
'cuml' is a soft dependency and not included in the pycaret installation. Please run: `pip install cuml` to install.
2022-10-19 11:34:15,489:WARNING:
'cuml' is a soft dependency and not included in the pycaret installation. Please run: `pip install cuml` to install.
2022-10-19 11:34:15,489:WARNING:
'cuml' is a soft dependency and not included in the pycaret installation. Please run: `pip install cuml` to install.
2022-10-19 11:34:15,962:WARNING:
'prophet' is a soft dependency and not included in the pycaret installation. Please run: `pip install prophet` to install.
2022-10-19 11:34:58,755:WARNING:
'cuml' is a soft dependency and not included in the pycaret installation. Please run: `pip install cuml` to install.
2022-10-19 11:34:58,755:WARNING:
'cuml' is a soft dependency and not included in the pycaret installation. Please run: `pip install cuml` to install.
2022-10-19 11:34:58,755:WARNING:
'cuml' is a soft dependency and not included in the pycaret installation. Please run: `pip install cuml` to install.
2022-10-19 11:34:58,755:WARNING:
'cuml' is a soft dependency and not included in the pycaret installation. Please run: `pip install cuml` to install.
2022-10-19 11:34:59,279:WARNING:
'prophet' is a soft dependency and not included in the pycaret installation. Please run: `pip install prophet` to install.
2022-10-19 11:35:02,077:WARNING:
'cuml' is a soft dependency and not included in the pycaret installation. Please run: `pip install cuml` to install.
2022-10-19 11:35:02,077:WARNING:
'cuml' is a soft dependency and not included in the pycaret installation. Please run: `pip install cuml` to install.
2022-10-19 11:35:02,077:WARNING:
'cuml' is a soft dependency and not included in the pycaret installation. Please run: `pip install cuml` to install.
2022-10-19 11:35:02,077:WARNING:
'cuml' is a soft dependency and not included in the pycaret installation. Please run: `pip install cuml` to install.
2022-10-19 11:35:02,544:WARNING:
'prophet' is a soft dependency and not included in the pycaret installation. Please run: `pip install prophet` to install.
2022-10-19 11:37:49,431:WARNING:
'cuml' is a soft dependency and not included in the pycaret installation. Please run: `pip install cuml` to install.
2022-10-19 11:37:49,431:WARNING:
'cuml' is a soft dependency and not included in the pycaret installation. Please run: `pip install cuml` to install.
2022-10-19 11:37:49,431:WARNING:
'cuml' is a soft dependency and not included in the pycaret installation. Please run: `pip install cuml` to install.
2022-10-19 11:37:49,431:WARNING:
'cuml' is a soft dependency and not included in the pycaret installation. Please run: `pip install cuml` to install.
2022-10-19 11:37:50,221:WARNING:
'prophet' is a soft dependency and not included in the pycaret installation. Please run: `pip install prophet` to install.
2022-10-19 11:37:53,247:WARNING:
'cuml' is a soft dependency and not included in the pycaret installation. Please run: `pip install cuml` to install.
2022-10-19 11:37:53,247:WARNING:
'cuml' is a soft dependency and not included in the pycaret installation. Please run: `pip install cuml` to install.
2022-10-19 11:37:53,247:WARNING:
'cuml' is a soft dependency and not included in the pycaret installation. Please run: `pip install cuml` to install.
2022-10-19 11:37:53,247:WARNING:
'cuml' is a soft dependency and not included in the pycaret installation. Please run: `pip install cuml` to install.
2022-10-19 11:37:53,733:WARNING:
'prophet' is a soft dependency and not included in the pycaret installation. Please run: `pip install prophet` to install.
2022-10-19 11:43:01,313:WARNING:
'cuml' is a soft dependency and not included in the pycaret installation. Please run: `pip install cuml` to install.
2022-10-19 11:43:01,313:WARNING:
'cuml' is a soft dependency and not included in the pycaret installation. Please run: `pip install cuml` to install.
2022-10-19 11:43:01,313:WARNING:
'cuml' is a soft dependency and not included in the pycaret installation. Please run: `pip install cuml` to install.
2022-10-19 11:43:01,313:WARNING:
'cuml' is a soft dependency and not included in the pycaret installation. Please run: `pip install cuml` to install.
2022-10-19 11:43:01,835:WARNING:
'prophet' is a soft dependency and not included in the pycaret installation. Please run: `pip install prophet` to install.
2022-10-19 11:43:04,674:WARNING:
'cuml' is a soft dependency and not included in the pycaret installation. Please run: `pip install cuml` to install.
2022-10-19 11:43:04,675:WARNING:
'cuml' is a soft dependency and not included in the pycaret installation. Please run: `pip install cuml` to install.
2022-10-19 11:43:04,675:WARNING:
'cuml' is a soft dependency and not included in the pycaret installation. Please run: `pip install cuml` to install.
2022-10-19 11:43:04,675:WARNING:
'cuml' is a soft dependency and not included in the pycaret installation. Please run: `pip install cuml` to install.
2022-10-19 11:43:05,156:WARNING:
'prophet' is a soft dependency and not included in the pycaret installation. Please run: `pip install prophet` to install.
2022-10-19 11:43:32,996:WARNING:
'cuml' is a soft dependency and not included in the pycaret installation. Please run: `pip install cuml` to install.
2022-10-19 11:43:32,996:WARNING:
'cuml' is a soft dependency and not included in the pycaret installation. Please run: `pip install cuml` to install.
2022-10-19 11:43:32,996:WARNING:
'cuml' is a soft dependency and not included in the pycaret installation. Please run: `pip install cuml` to install.
2022-10-19 11:43:32,996:WARNING:
'cuml' is a soft dependency and not included in the pycaret installation. Please run: `pip install cuml` to install.
2022-10-19 11:43:33,465:WARNING:
'prophet' is a soft dependency and not included in the pycaret installation. Please run: `pip install prophet` to install.
2022-10-19 11:43:36,219:WARNING:
'cuml' is a soft dependency and not included in the pycaret installation. Please run: `pip install cuml` to install.
2022-10-19 11:43:36,219:WARNING:
'cuml' is a soft dependency and not included in the pycaret installation. Please run: `pip install cuml` to install.
2022-10-19 11:43:36,219:WARNING:
'cuml' is a soft dependency and not included in the pycaret installation. Please run: `pip install cuml` to install.
2022-10-19 11:43:36,219:WARNING:
'cuml' is a soft dependency and not included in the pycaret installation. Please run: `pip install cuml` to install.
2022-10-19 11:43:36,690:WARNING:
'prophet' is a soft dependency and not included in the pycaret installation. Please run: `pip install prophet` to install.
2022-10-19 11:44:56,126:WARNING:
'cuml' is a soft dependency and not included in the pycaret installation. Please run: `pip install cuml` to install.
2022-10-19 11:44:56,126:WARNING:
'cuml' is a soft dependency and not included in the pycaret installation. Please run: `pip install cuml` to install.
2022-10-19 11:44:56,126:WARNING:
'cuml' is a soft dependency and not included in the pycaret installation. Please run: `pip install cuml` to install.
2022-10-19 11:44:56,126:WARNING:
'cuml' is a soft dependency and not included in the pycaret installation. Please run: `pip install cuml` to install.
2022-10-19 11:44:56,597:WARNING:
'prophet' is a soft dependency and not included in the pycaret installation. Please run: `pip install prophet` to install.
2022-10-19 11:44:59,338:WARNING:
'cuml' is a soft dependency and not included in the pycaret installation. Please run: `pip install cuml` to install.
2022-10-19 11:44:59,338:WARNING:
'cuml' is a soft dependency and not included in the pycaret installation. Please run: `pip install cuml` to install.
2022-10-19 11:44:59,338:WARNING:
'cuml' is a soft dependency and not included in the pycaret installation. Please run: `pip install cuml` to install.
2022-10-19 11:44:59,338:WARNING:
'cuml' is a soft dependency and not included in the pycaret installation. Please run: `pip install cuml` to install.
2022-10-19 11:44:59,811:WARNING:
'prophet' is a soft dependency and not included in the pycaret installation. Please run: `pip install prophet` to install.
2022-10-19 11:45:00,008:INFO:Initializing load_model()
2022-10-19 11:45:00,008:INFO:load_model(model_name=/Users/nagatadaiki/Dropbox/My Mac (永田のMacBook Air)/Desktop/アプリ開発/チーム開発/mysite/apps/polls/predict_models/2021_lr, platform=None, authentication=None, verbose=True)
2022-10-19 11:45:00,034:WARNING:/Users/nagatadaiki/opt/anaconda3/envs/keibaAPI/lib/python3.7/site-packages/pycaret/internal/pipeline.py:117: UserWarning: Version mismatch:
current: {'deps_info': {'pip': '22.2.2', 'setuptools': '63.4.1', 'pycaret': '3.0.0rc4', 'IPython': '7.34.0', 'ipywidgets': '8.0.2', 'tqdm': '4.64.1', 'numpy': '1.21.5', 'pandas': '1.3.5', 'jinja2': '3.1.2', 'scipy': '1.7.3', 'joblib': '1.2.0', 'sklearn': '1.0.2', 'pyod': '1.0.5', 'imblearn': '0.9.0', 'category_encoders': '2.5.1.post0', 'lightgbm': '3.3.3', 'numba': '0.55.2', 'requests': '2.28.1', 'matplotlib': '3.5.3', 'scikitplot': '0.3.7', 'yellowbrick': '1.5', 'plotly': '5.10.0', 'kaleido': '0.2.1', 'statsmodels': '0.13.2', 'sktime': '0.13.4', 'tbats': '1.1.1', 'pmdarima': '1.8.5', 'psutil': '5.9.3'}, 'python': {'version': '3.7.13', 'machine': 'x86_64'}}
pickle: {'deps_info': {'pip': '21.1.3', 'setuptools': '57.4.0', 'pycaret': '3.0.0rc4', 'IPython': '7.9.0', 'ipywidgets': '7.7.1', 'tqdm': '4.64.1', 'numpy': '1.21.6', 'pandas': '1.3.5', 'jinja2': '3.1.2', 'scipy': '1.7.3', 'joblib': '1.1.1', 'sklearn': '1.0.2', 'pyod': '1.0.5', 'imblearn': '0.8.1', 'category_encoders': '2.5.1.post0', 'lightgbm': '3.3.3', 'numba': '0.55.2', 'requests': '2.28.1', 'matplotlib': '3.5.3', 'scikitplot': '0.3.7', 'yellowbrick': '1.5', 'plotly': '5.5.0', 'kaleido': '0.2.1', 'statsmodels': '0.13.2', 'sktime': '0.13.4', 'tbats': '1.1.1', 'pmdarima': '1.8.5', 'psutil': '5.9.2'}, 'python': {'version': '3.7.14', 'machine': 'x86_64'}}
  self._pycaret_versions, pickle_versions

2022-10-19 11:45:12,208:WARNING:
'cuml' is a soft dependency and not included in the pycaret installation. Please run: `pip install cuml` to install.
2022-10-19 11:45:12,208:WARNING:
'cuml' is a soft dependency and not included in the pycaret installation. Please run: `pip install cuml` to install.
2022-10-19 11:45:12,208:WARNING:
'cuml' is a soft dependency and not included in the pycaret installation. Please run: `pip install cuml` to install.
2022-10-19 11:45:12,208:WARNING:
'cuml' is a soft dependency and not included in the pycaret installation. Please run: `pip install cuml` to install.
2022-10-19 11:45:12,733:WARNING:
'prophet' is a soft dependency and not included in the pycaret installation. Please run: `pip install prophet` to install.
2022-10-19 11:45:57,654:INFO:Initializing predict_model()
2022-10-19 11:45:57,655:INFO:predict_model(self=<pycaret.classification.oop.ClassificationExperiment object at 0x7f86802e7f10>, estimator=Pipeline(memory=Memory(location=/tmp/joblib),
         steps=[('numerical_imputer',
                 TransformerWrapper(include=['bracket_number', 'horse_number',
                                             'penalty', 'favorite', 'age',
                                             'horse_weight', 'weight_cycling',
                                             'circumference'],
                                    transformer=SimpleImputer())),
                ('categorical_imputer',
                 TransformerWrapper(include=['horse_name', 'jockey', 'trainer',
                                             'gender', 'turn', 'wether',
                                             'ra...
                 TransformerWrapper(include=['horse_name', 'jockey', 'trainer',
                                             'racecourse'],
                                    transformer=LeaveOneOutEncoder(cols=['horse_name',
                                                                         'jockey',
                                                                         'trainer',
                                                                         'racecourse'],
                                                                   handle_missing='return_nan',
                                                                   random_state=123))),
                ('low_variance',
                 TransformerWrapper(exclude=[],
                                    transformer=VarianceThreshold(threshold=0))),
                ('trained_model',
                 LogisticRegression(max_iter=1000, random_state=123))]), probability_threshold=None, encoded_labels=False, raw_score=False, drift_report=False, round=4, verbose=True, ml_usecase=None, preprocess=True, replace_labels_in_column=<function _SupervisedExperiment.predict_model.<locals>.replace_labels_in_column at 0x7f86701c89e0>)
2022-10-19 11:45:57,655:INFO:Checking exceptions
2022-10-19 11:45:57,655:INFO:Preloading libraries
2022-10-19 11:45:57,655:INFO:Set up data.
2022-10-19 11:45:57,661:INFO:Set up index.
2022-10-19 11:46:00,005:INFO:Initializing load_model()
2022-10-19 11:46:00,006:INFO:load_model(model_name=/Users/nagatadaiki/Dropbox/My Mac (永田のMacBook Air)/Desktop/アプリ開発/チーム開発/mysite/apps/polls/predict_models/2021_lr, platform=None, authentication=None, verbose=True)
2022-10-19 11:46:00,019:WARNING:/Users/nagatadaiki/opt/anaconda3/envs/keibaAPI/lib/python3.7/site-packages/pycaret/internal/pipeline.py:117: UserWarning: Version mismatch:
current: {'deps_info': {'pip': '22.2.2', 'setuptools': '63.4.1', 'pycaret': '3.0.0rc4', 'IPython': '7.34.0', 'ipywidgets': '8.0.2', 'tqdm': '4.64.1', 'numpy': '1.21.5', 'pandas': '1.3.5', 'jinja2': '3.1.2', 'scipy': '1.7.3', 'joblib': '1.2.0', 'sklearn': '1.0.2', 'pyod': '1.0.5', 'imblearn': '0.9.0', 'category_encoders': '2.5.1.post0', 'lightgbm': '3.3.3', 'numba': '0.55.2', 'requests': '2.28.1', 'matplotlib': '3.5.3', 'scikitplot': '0.3.7', 'yellowbrick': '1.5', 'plotly': '5.10.0', 'kaleido': '0.2.1', 'statsmodels': '0.13.2', 'sktime': '0.13.4', 'tbats': '1.1.1', 'pmdarima': '1.8.5', 'psutil': '5.9.3'}, 'python': {'version': '3.7.13', 'machine': 'x86_64'}}
pickle: {'deps_info': {'pip': '21.1.3', 'setuptools': '57.4.0', 'pycaret': '3.0.0rc4', 'IPython': '7.9.0', 'ipywidgets': '7.7.1', 'tqdm': '4.64.1', 'numpy': '1.21.6', 'pandas': '1.3.5', 'jinja2': '3.1.2', 'scipy': '1.7.3', 'joblib': '1.1.1', 'sklearn': '1.0.2', 'pyod': '1.0.5', 'imblearn': '0.8.1', 'category_encoders': '2.5.1.post0', 'lightgbm': '3.3.3', 'numba': '0.55.2', 'requests': '2.28.1', 'matplotlib': '3.5.3', 'scikitplot': '0.3.7', 'yellowbrick': '1.5', 'plotly': '5.5.0', 'kaleido': '0.2.1', 'statsmodels': '0.13.2', 'sktime': '0.13.4', 'tbats': '1.1.1', 'pmdarima': '1.8.5', 'psutil': '5.9.2'}, 'python': {'version': '3.7.14', 'machine': 'x86_64'}}
  self._pycaret_versions, pickle_versions

2022-10-19 11:46:58,092:INFO:Initializing predict_model()
2022-10-19 11:46:58,092:INFO:predict_model(self=<pycaret.classification.oop.ClassificationExperiment object at 0x7fba306199d0>, estimator=Pipeline(memory=Memory(location=/tmp/joblib),
         steps=[('numerical_imputer',
                 TransformerWrapper(include=['bracket_number', 'horse_number',
                                             'penalty', 'favorite', 'age',
                                             'horse_weight', 'weight_cycling',
                                             'circumference'],
                                    transformer=SimpleImputer())),
                ('categorical_imputer',
                 TransformerWrapper(include=['horse_name', 'jockey', 'trainer',
                                             'gender', 'turn', 'wether',
                                             'ra...
                 TransformerWrapper(include=['horse_name', 'jockey', 'trainer',
                                             'racecourse'],
                                    transformer=LeaveOneOutEncoder(cols=['horse_name',
                                                                         'jockey',
                                                                         'trainer',
                                                                         'racecourse'],
                                                                   handle_missing='return_nan',
                                                                   random_state=123))),
                ('low_variance',
                 TransformerWrapper(exclude=[],
                                    transformer=VarianceThreshold(threshold=0))),
                ('trained_model',
                 LogisticRegression(max_iter=1000, random_state=123))]), probability_threshold=None, encoded_labels=False, raw_score=False, drift_report=False, round=4, verbose=True, ml_usecase=None, preprocess=True, replace_labels_in_column=<function _SupervisedExperiment.predict_model.<locals>.replace_labels_in_column at 0x7fba325b6200>)
2022-10-19 11:46:58,093:INFO:Checking exceptions
2022-10-19 11:46:58,093:INFO:Preloading libraries
2022-10-19 11:46:58,093:INFO:Set up data.
2022-10-19 11:46:58,097:INFO:Set up index.
2022-10-19 11:56:57,291:WARNING:
'cuml' is a soft dependency and not included in the pycaret installation. Please run: `pip install cuml` to install.
2022-10-19 11:56:57,292:WARNING:
'cuml' is a soft dependency and not included in the pycaret installation. Please run: `pip install cuml` to install.
2022-10-19 11:56:57,292:WARNING:
'cuml' is a soft dependency and not included in the pycaret installation. Please run: `pip install cuml` to install.
2022-10-19 11:56:57,292:WARNING:
'cuml' is a soft dependency and not included in the pycaret installation. Please run: `pip install cuml` to install.
2022-10-19 11:56:58,060:WARNING:
'prophet' is a soft dependency and not included in the pycaret installation. Please run: `pip install prophet` to install.
2022-10-19 11:57:00,013:INFO:Initializing load_model()
2022-10-19 11:57:00,013:INFO:load_model(model_name=/Users/nagatadaiki/Dropbox/My Mac (永田のMacBook Air)/Desktop/アプリ開発/チーム開発/mysite/apps/polls/predict_models/2021_lr, platform=None, authentication=None, verbose=True)
2022-10-19 11:57:00,024:WARNING:/Users/nagatadaiki/opt/anaconda3/envs/keibaAPI/lib/python3.7/site-packages/pycaret/internal/pipeline.py:117: UserWarning: Version mismatch:
current: {'deps_info': {'pip': '22.2.2', 'setuptools': '63.4.1', 'pycaret': '3.0.0rc4', 'IPython': '7.34.0', 'ipywidgets': '8.0.2', 'tqdm': '4.64.1', 'numpy': '1.21.5', 'pandas': '1.3.5', 'jinja2': '3.1.2', 'scipy': '1.7.3', 'joblib': '1.2.0', 'sklearn': '1.0.2', 'pyod': '1.0.5', 'imblearn': '0.9.0', 'category_encoders': '2.5.1.post0', 'lightgbm': '3.3.3', 'numba': '0.55.2', 'requests': '2.28.1', 'matplotlib': '3.5.3', 'scikitplot': '0.3.7', 'yellowbrick': '1.5', 'plotly': '5.10.0', 'kaleido': '0.2.1', 'statsmodels': '0.13.2', 'sktime': '0.13.4', 'tbats': '1.1.1', 'pmdarima': '1.8.5', 'psutil': '5.9.3'}, 'python': {'version': '3.7.13', 'machine': 'x86_64'}}
pickle: {'deps_info': {'pip': '21.1.3', 'setuptools': '57.4.0', 'pycaret': '3.0.0rc4', 'IPython': '7.9.0', 'ipywidgets': '7.7.1', 'tqdm': '4.64.1', 'numpy': '1.21.6', 'pandas': '1.3.5', 'jinja2': '3.1.2', 'scipy': '1.7.3', 'joblib': '1.1.1', 'sklearn': '1.0.2', 'pyod': '1.0.5', 'imblearn': '0.8.1', 'category_encoders': '2.5.1.post0', 'lightgbm': '3.3.3', 'numba': '0.55.2', 'requests': '2.28.1', 'matplotlib': '3.5.3', 'scikitplot': '0.3.7', 'yellowbrick': '1.5', 'plotly': '5.5.0', 'kaleido': '0.2.1', 'statsmodels': '0.13.2', 'sktime': '0.13.4', 'tbats': '1.1.1', 'pmdarima': '1.8.5', 'psutil': '5.9.2'}, 'python': {'version': '3.7.14', 'machine': 'x86_64'}}
  self._pycaret_versions, pickle_versions

2022-10-19 11:57:01,045:WARNING:
'cuml' is a soft dependency and not included in the pycaret installation. Please run: `pip install cuml` to install.
2022-10-19 11:57:01,046:WARNING:
'cuml' is a soft dependency and not included in the pycaret installation. Please run: `pip install cuml` to install.
2022-10-19 11:57:01,046:WARNING:
'cuml' is a soft dependency and not included in the pycaret installation. Please run: `pip install cuml` to install.
2022-10-19 11:57:01,046:WARNING:
'cuml' is a soft dependency and not included in the pycaret installation. Please run: `pip install cuml` to install.
2022-10-19 11:57:01,530:WARNING:
'prophet' is a soft dependency and not included in the pycaret installation. Please run: `pip install prophet` to install.
2022-10-19 11:57:56,904:INFO:Initializing predict_model()
2022-10-19 11:57:56,904:INFO:predict_model(self=<pycaret.classification.oop.ClassificationExperiment object at 0x7fdd14d85e50>, estimator=Pipeline(memory=Memory(location=/tmp/joblib),
         steps=[('numerical_imputer',
                 TransformerWrapper(include=['bracket_number', 'horse_number',
                                             'penalty', 'favorite', 'age',
                                             'horse_weight', 'weight_cycling',
                                             'circumference'],
                                    transformer=SimpleImputer())),
                ('categorical_imputer',
                 TransformerWrapper(include=['horse_name', 'jockey', 'trainer',
                                             'gender', 'turn', 'wether',
                                             'ra...
                 TransformerWrapper(include=['horse_name', 'jockey', 'trainer',
                                             'racecourse'],
                                    transformer=LeaveOneOutEncoder(cols=['horse_name',
                                                                         'jockey',
                                                                         'trainer',
                                                                         'racecourse'],
                                                                   handle_missing='return_nan',
                                                                   random_state=123))),
                ('low_variance',
                 TransformerWrapper(exclude=[],
                                    transformer=VarianceThreshold(threshold=0))),
                ('trained_model',
                 LogisticRegression(max_iter=1000, random_state=123))]), probability_threshold=None, encoded_labels=False, raw_score=False, drift_report=False, round=4, verbose=True, ml_usecase=None, preprocess=True, replace_labels_in_column=<function _SupervisedExperiment.predict_model.<locals>.replace_labels_in_column at 0x7fdd03fba830>)
2022-10-19 11:57:56,904:INFO:Checking exceptions
2022-10-19 11:57:56,904:INFO:Preloading libraries
2022-10-19 11:57:56,904:INFO:Set up data.
2022-10-19 11:57:56,911:INFO:Set up index.
